Drill report for /home/debian/Progetti/ATARI/abex/abex.kicad_pcb
Created on Fri 17 May 2019 07:49:43 CEST

Copper Layer Stackup:
    =============================================================
    L1 :  F.Cu                      front
    L2 :  B.Cu                      back


Drill file 'abex.drl' contains
    plated through holes:
    =============================================================
    T1  0,40mm  0,016"  (157 holes)
    T2  0,76mm  0,030"  (14 holes)
    T3  0,80mm  0,031"  (198 holes)
    T4  1,02mm  0,040"  (38 holes)
    T5  1,10mm  0,043"  (3 holes)

    Total plated holes count 410


Not plated through holes are merged with plated holes
    unplated through holes:
    =============================================================
    T6  2,35mm  0,093"  (6 holes)
    T7  3,00mm  0,118"  (4 holes)
    T8  3,50mm  0,138"  (1 hole)

    Total unplated holes count 11
